<?xml version="1.0" encoding="UTF-8"?>
<robot generator="Robot 7.2.2 (Python 3.13.2 on win32)" generated="2025-05-19T09:45:12.666038" rpa="false" schemaversion="5">
<suite id="s1" name="Testcase001" source="c:\Users\silipong.t\Desktop\test\testcase001.robot">
<test id="s1-t1" name="Testcase 001001" line="10">
<kw name="Log To Console" owner="BuiltIn">
<arg>${list1}</arg>
<doc>Logs the given message to the console.</doc>
<status status="PASS" start="2025-05-19T09:45:18.743310" elapsed="0.001540"/>
</kw>
<kw name="Append To List" owner="Collections">
<arg>${list1}</arg>
<arg>1</arg>
<arg>2</arg>
<arg>3</arg>
<doc>Adds ``values`` to the end of ``list``.</doc>
<status status="PASS" start="2025-05-19T09:45:18.745589" elapsed="0.000561"/>
</kw>
<kw name="Log To Console" owner="BuiltIn">
<arg>${list1}</arg>
<doc>Logs the given message to the console.</doc>
<status status="PASS" start="2025-05-19T09:45:18.746871" elapsed="0.000590"/>
</kw>
<status status="PASS" start="2025-05-19T09:45:18.741894" elapsed="0.006287"/>
</test>
<test id="s1-t2" name="Testcase 001002" line="14">
<kw name="Log To Console" owner="BuiltIn">
<arg>${list1}</arg>
<doc>Logs the given message to the console.</doc>
<status status="PASS" start="2025-05-19T09:45:18.750880" elapsed="0.000629"/>
</kw>
<kw name="Append To List" owner="Collections">
<arg>${list1}</arg>
<arg>4</arg>
<arg>5</arg>
<doc>Adds ``values`` to the end of ``list``.</doc>
<status status="PASS" start="2025-05-19T09:45:18.752058" elapsed="0.000492"/>
</kw>
<kw name="Log To Console" owner="BuiltIn">
<arg>${list1}</arg>
<doc>Logs the given message to the console.</doc>
<status status="PASS" start="2025-05-19T09:45:18.787904" elapsed="0.000733"/>
</kw>
<status status="PASS" start="2025-05-19T09:45:18.750199" elapsed="0.039057"/>
</test>
<status status="PASS" start="2025-05-19T09:45:12.677366" elapsed="6.113332"/>
</suite>
<statistics>
<total>
<stat pass="2" fail="0" skip="0">All Tests</stat>
</total>
<tag>
</tag>
<suite>
<stat name="Testcase001" id="s1" pass="2" fail="0" skip="0">Testcase001</stat>
</suite>
</statistics>
<errors>
</errors>
</robot>
